Determining if the pthread_create exist failed with the following output:
Change Dir: /home/vinayak/ros_workspace/build/CMakeFiles/CMakeTmp

Run Build Command:"/usr/bin/make" "cmTC_75826/fast"
/usr/bin/make -f CMakeFiles/cmTC_75826.dir/build.make CMakeFiles/cmTC_75826.dir/build
make[1]: Entering directory '/home/vinayak/ros_workspace/build/CMakeFiles/CMakeTmp'
Building C object CMakeFiles/cmTC_75826.dir/CheckSymbolExists.c.o
/usr/bin/cc     -o CMakeFiles/cmTC_75826.dir/CheckSymbolExists.c.o   -c /home/vinayak/ros_workspace/build/CMakeFiles/CMakeTmp/CheckSymbolExists.c
Linking C executable cmTC_75826
/usr/bin/cmake -E cmake_link_script CMakeFiles/cmTC_75826.dir/link.txt --verbose=1
/usr/bin/cc       CMakeFiles/cmTC_75826.dir/CheckSymbolExists.c.o  -o cmTC_75826 -rdynamic 
CMakeFiles/cmTC_75826.dir/CheckSymbolExists.c.o: In function `main':
CheckSymbolExists.c:(.text+0x16): undefined reference to `pthread_create'
collect2: error: ld returned 1 exit status
CMakeFiles/cmTC_75826.dir/build.make:97: recipe for target 'cmTC_75826' failed
make[1]: *** [cmTC_75826] Error 1
make[1]: Leaving directory '/home/vinayak/ros_workspace/build/CMakeFiles/CMakeTmp'
Makefile:126: recipe for target 'cmTC_75826/fast' failed
make: *** [cmTC_75826/fast] Error 2

File /home/vinayak/ros_workspace/build/CMakeFiles/CMakeTmp/CheckSymbolExists.c:
/* */
#include <pthread.h>

int main(int argc, char** argv)
{
  (void)argv;
#ifndef pthread_create
  return ((int*)(&pthread_create))[argc];
#else
  (void)argc;
  return 0;
#endif
}

Determining if the function pthread_create exists in the pthreads failed with the following output:
Change Dir: /home/vinayak/ros_workspace/build/CMakeFiles/CMakeTmp

Run Build Command:"/usr/bin/make" "cmTC_b8203/fast"
/usr/bin/make -f CMakeFiles/cmTC_b8203.dir/build.make CMakeFiles/cmTC_b8203.dir/build
make[1]: Entering directory '/home/vinayak/ros_workspace/build/CMakeFiles/CMakeTmp'
Building C object CMakeFiles/cmTC_b8203.dir/CheckFunctionExists.c.o
/usr/bin/cc    -DCHECK_FUNCTION_EXISTS=pthread_create   -o CMakeFiles/cmTC_b8203.dir/CheckFunctionExists.c.o   -c /usr/share/cmake-3.5/Modules/CheckFunctionExists.c
Linking C executable cmTC_b8203
/usr/bin/cmake -E cmake_link_script CMakeFiles/cmTC_b8203.dir/link.txt --verbose=1
/usr/bin/cc   -DCHECK_FUNCTION_EXISTS=pthread_create    CMakeFiles/cmTC_b8203.dir/CheckFunctionExists.c.o  -o cmTC_b8203 -rdynamic -lpthreads 
/usr/bin/ld: cannot find -lpthreads
collect2: error: ld returned 1 exit status
CMakeFiles/cmTC_b8203.dir/build.make:97: recipe for target 'cmTC_b8203' failed
make[1]: *** [cmTC_b8203] Error 1
make[1]: Leaving directory '/home/vinayak/ros_workspace/build/CMakeFiles/CMakeTmp'
Makefile:126: recipe for target 'cmTC_b8203/fast' failed
make: *** [cmTC_b8203/fast] Error 2


